[debug] [2021-04-15T04:04:34.638Z] ----------------------------------------------------------------------
[debug] [2021-04-15T04:04:34.641Z] Command:       C:\Program Files\nodejs\node.exe C:\Users\lodol\AppData\Roaming\npm\node_modules\firebase-tools\lib\bin\firebase.js init hosting
[debug] [2021-04-15T04:04:34.642Z] CLI Version:   9.10.0
[debug] [2021-04-15T04:04:34.642Z] Platform:      win32
[debug] [2021-04-15T04:04:34.642Z] Node Version:  v14.16.0
[debug] [2021-04-15T04:04:34.642Z] Time:          Thu Apr 15 2021 01:04:34 GMT-0300 (hora estándar de Argentina)
[debug] [2021-04-15T04:04:34.643Z] ----------------------------------------------------------------------
[debug] 
[debug] [2021-04-15T04:04:34.657Z] > command requires scopes: ["email","openid","https://www.googleapis.com/auth/cloudplatformprojects.readonly","https://www.googleapis.com/auth/firebase","https://www.googleapis.com/auth/cloud-platform"]
[debug] [2021-04-15T04:04:34.657Z] > authorizing via signed-in user (tomaslodola1@gmail.com)
[info] 
     ######## #### ########  ######## ########     ###     ######  ########
     ##        ##  ##     ## ##       ##     ##  ##   ##  ##       ##
     ######    ##  ########  ######   ########  #########  ######  ######
     ##        ##  ##    ##  ##       ##     ## ##     ##       ## ##
     ##       #### ##     ## ######## ########  ##     ##  ######  ########

You're about to initialize a Firebase project in this directory:

  C:\Users\lodol\Documents\Zoom\SalaDeJuegos

Before we get started, keep in mind:

  * You are initializing in an existing Firebase project directory

[info] 
=== Project Setup
[info] 
[info] First, let's associate this project directory with a Firebase project.
[info] You can create multiple project aliases by running firebase use --add, 
[info] but for now we'll just set up a default project.
[info] 
[info] i  .firebaserc already has a default project, using saladejuegos-b1a8e. 
[debug] [2021-04-15T04:04:41.447Z] > refreshing access token with scopes: []
[debug] [2021-04-15T04:04:41.449Z] >>> HTTP REQUEST POST https://www.googleapis.com/oauth2/v3/token  
 <request body omitted>
[debug] [2021-04-15T04:04:41.609Z] <<< HTTP RESPONSE 200 {"expires":"Mon, 01 Jan 1990 00:00:00 GMT","pragma":"no-cache","cache-control":"no-cache, no-store, max-age=0, must-revalidate","date":"Thu, 15 Apr 2021 04:04:42 GMT","content-type":"application/json; charset=utf-8","vary":"X-Origin, Referer, Origin,Accept-Encoding","server":"scaffolding on HTTPServer2","x-xss-protection":"0","x-frame-options":"SAMEORIGIN","x-content-type-options":"nosniff","alt-svc":"h3-29=\":443\"; ma=2592000,h3-T051=\":443\"; ma=2592000,h3-Q050=\":443\"; ma=2592000,h3-Q046=\":443\"; ma=2592000,h3-Q043=\":443\"; ma=2592000,quic=\":443\"; ma=2592000; v=\"46,43\"","accept-ranges":"none","transfer-encoding":"chunked"}
[debug] [2021-04-15T04:04:41.627Z] >>> [apiv2][query] GET https://firebase.googleapis.com/v1beta1/projects/saladejuegos-b1a8e [none]
[debug] [2021-04-15T04:04:42.683Z] <<< [apiv2][status] GET https://firebase.googleapis.com/v1beta1/projects/saladejuegos-b1a8e 200
[debug] [2021-04-15T04:04:42.683Z] <<< [apiv2][body] GET https://firebase.googleapis.com/v1beta1/projects/saladejuegos-b1a8e {"projectId":"saladejuegos-b1a8e","projectNumber":"416714409633","displayName":"SaladeJuegos","name":"projects/saladejuegos-b1a8e","resources":{"hostingSite":"saladejuegos-b1a8e","realtimeDatabaseInstance":"saladejuegos-b1a8e-default-rtdb","storageBucket":"saladejuegos-b1a8e.appspot.com","locationId":"southamerica-east1"},"state":"ACTIVE"}
[info] 
=== Hosting Setup
[info] 
[info] Your public directory is the folder (relative to your project directory) that
[info] will contain Hosting assets to be uploaded with firebase deploy. If you
[info] have a build process for your assets, use your build's output directory.
[info] 
[debug] [2021-04-15T04:05:03.106Z] Error: ENOENT: no such file or directory, open 'C:\Users\lodol\Documents\Zoom\SalaDeJuegos\y\404.html'
    at Object.openSync (fs.js:476:3)
    at Object.writeFileSync (fs.js:1467:35)
    at Object.createFileSync (C:\Users\lodol\AppData\Roaming\npm\node_modules\firebase-tools\node_modules\fs-extra\lib\ensure\file.js:34:6)
    at Config.writeProjectFile (C:\Users\lodol\AppData\Roaming\npm\node_modules\firebase-tools\lib\config.js:155:8)
    at C:\Users\lodol\AppData\Roaming\npm\node_modules\firebase-tools\lib\config.js:174:18
    at processTicksAndRejections (internal/process/task_queues.js:93:5)
[error] 
[error] Error: An unexpected error has occurred.
[debug] [2021-04-15T04:05:09.473Z] ----------------------------------------------------------------------
[debug] [2021-04-15T04:05:09.474Z] Command:       C:\Program Files\nodejs\node.exe C:\Users\lodol\AppData\Roaming\npm\node_modules\firebase-tools\lib\bin\firebase.js init hosting
[debug] [2021-04-15T04:05:09.475Z] CLI Version:   9.10.0
[debug] [2021-04-15T04:05:09.475Z] Platform:      win32
[debug] [2021-04-15T04:05:09.475Z] Node Version:  v14.16.0
[debug] [2021-04-15T04:05:09.476Z] Time:          Thu Apr 15 2021 01:05:09 GMT-0300 (hora estándar de Argentina)
[debug] [2021-04-15T04:05:09.476Z] ----------------------------------------------------------------------
[debug] 
[debug] [2021-04-15T04:05:09.486Z] > command requires scopes: ["email","openid","https://www.googleapis.com/auth/cloudplatformprojects.readonly","https://www.googleapis.com/auth/firebase","https://www.googleapis.com/auth/cloud-platform"]
[debug] [2021-04-15T04:05:09.487Z] > authorizing via signed-in user (tomaslodola1@gmail.com)
[info] 
     ######## #### ########  ######## ########     ###     ######  ########
     ##        ##  ##     ## ##       ##     ##  ##   ##  ##       ##
     ######    ##  ########  ######   ########  #########  ######  ######
     ##        ##  ##    ##  ##       ##     ## ##     ##       ## ##
     ##       #### ##     ## ######## ########  ##     ##  ######  ########

You're about to initialize a Firebase project in this directory:

  C:\Users\lodol\Documents\Zoom\SalaDeJuegos

Before we get started, keep in mind:

  * You are initializing in an existing Firebase project directory

[info] 
=== Project Setup
[info] 
[info] First, let's associate this project directory with a Firebase project.
[info] You can create multiple project aliases by running firebase use --add, 
[info] but for now we'll just set up a default project.
[info] 
[info] i  .firebaserc already has a default project, using saladejuegos-b1a8e. 
[debug] [2021-04-15T04:05:10.534Z] >>> [apiv2][query] GET https://firebase.googleapis.com/v1beta1/projects/saladejuegos-b1a8e [none]
[debug] [2021-04-15T04:05:11.490Z] <<< [apiv2][status] GET https://firebase.googleapis.com/v1beta1/projects/saladejuegos-b1a8e 200
[debug] [2021-04-15T04:05:11.490Z] <<< [apiv2][body] GET https://firebase.googleapis.com/v1beta1/projects/saladejuegos-b1a8e {"projectId":"saladejuegos-b1a8e","projectNumber":"416714409633","displayName":"SaladeJuegos","name":"projects/saladejuegos-b1a8e","resources":{"hostingSite":"saladejuegos-b1a8e","realtimeDatabaseInstance":"saladejuegos-b1a8e-default-rtdb","storageBucket":"saladejuegos-b1a8e.appspot.com","locationId":"southamerica-east1"},"state":"ACTIVE"}
[info] 
=== Hosting Setup
[info] 
[info] Your public directory is the folder (relative to your project directory) that
[info] will contain Hosting assets to be uploaded with firebase deploy. If you
[info] have a build process for your assets, use your build's output directory.
[info] 
[debug] [2021-04-15T04:05:14.656Z] >>> [apiv2][query] GET https://www.gstatic.com/firebasejs/releases.json [none]
[debug] [2021-04-15T04:05:14.723Z] <<< [apiv2][status] GET https://www.gstatic.com/firebasejs/releases.json 200
[debug] [2021-04-15T04:05:14.723Z] <<< [apiv2][body] GET https://www.gstatic.com/firebasejs/releases.json {"current":{"version":"8.4.1","browserURL":"https://www.gstatic.com/firebasejs/8.4.1/firebase.js","packageURL":"https://www.gstatic.com/firebasejs/8.4.1/firebase.tgz"},"live":{"version":"8.4","browserURL":"https://www.gstatic.com/firebasejs/live/8.4/firebase.js","packageURL":"https://www.gstatic.com/firebasejs/live/8.4/firebase.tgz"},"components":{"analytics":"https://www.gstatic.com/firebasejs/8.4.1/firebase-analytics.js","app":"https://www.gstatic.com/firebasejs/8.4.1/firebase-app.js","auth":"https://www.gstatic.com/firebasejs/8.4.1/firebase-auth.js","database":"https://www.gstatic.com/firebasejs/8.4.1/firebase-database.js","firestore":"https://www.gstatic.com/firebasejs/8.4.1/firebase-firestore.js","functions":"https://www.gstatic.com/firebasejs/8.4.1/firebase-functions.js","installations":"https://www.gstatic.com/firebasejs/8.4.1/firebase-installations.js","messaging":"https://www.gstatic.com/firebasejs/8.4.1/firebase-messaging.js","storage":"https://www.gstatic.com/firebasejs/8.4.1/firebase-storage.js","performance":"https://www.gstatic.com/firebasejs/8.4.1/firebase-performance.js","remote-config":"https://www.gstatic.com/firebasejs/8.4.1/firebase-remote-config.js","firestore.memory":"https://www.gstatic.com/firebasejs/8.4.1/firebase-firestore.memory.js"}}
[debug] [2021-04-15T04:05:14.823Z] Error: ENOENT: no such file or directory, open 'C:\Users\lodol\Documents\Zoom\SalaDeJuegos\y\index.html'
    at Object.openSync (fs.js:476:3)
    at Object.writeFileSync (fs.js:1467:35)
    at Object.createFileSync (C:\Users\lodol\AppData\Roaming\npm\node_modules\firebase-tools\node_modules\fs-extra\lib\ensure\file.js:34:6)
    at Config.writeProjectFile (C:\Users\lodol\AppData\Roaming\npm\node_modules\firebase-tools\lib\config.js:155:8)
    at C:\Users\lodol\AppData\Roaming\npm\node_modules\firebase-tools\lib\config.js:174:18
    at processTicksAndRejections (internal/process/task_queues.js:93:5)
[error] 
[error] Error: An unexpected error has occurred.
